Generating image variants require the image_processing gem. Please add `gem "image_processing", "~> 1.2"` to your Gemfile or set `config.active_storage.variant_processor = :disabled`.
Started GET "/" for ::1 at 2026-03-20 06:55:35 +0000
Processing by HomeController#index as HTML
  Rendering text template
  Rendered text template (Duration: 0.0ms | GC: 0.0ms)
Completed 200 OK in 32ms (Views: 16.6ms | ActiveRecord: 0.0ms (0 queries, 0 cached) | GC: 1.1ms)


Started GET "/favicon.ico" for ::1 at 2026-03-20 06:55:36 +0000
  
NameError (uninitialized constant WrapItRuby::Menu):
  
/home/nathan/src/ruby/wrap-it-ruby/app/controllers/wrap_it_ruby/application_controller.rb:5:in '<class:ApplicationController>'
/home/nathan/src/ruby/wrap-it-ruby/app/controllers/wrap_it_ruby/application_controller.rb:4:in '<module:WrapItRuby>'
/home/nathan/src/ruby/wrap-it-ruby/app/controllers/wrap_it_ruby/application_controller.rb:3:in '<main>'
/nix/store/lmwsrlh42jk9578yfhmw2kpvqvz2r5m6-ruby-3.4.8/lib/ruby/3.4.0/bundled_gems.rb:82:in 'Kernel.require'
/nix/store/lmwsrlh42jk9578yfhmw2kpvqvz2r5m6-ruby-3.4.8/lib/ruby/3.4.0/bundled_gems.rb:82:in 'block (2 levels) in Kernel#replace_require'
bootsnap (1.23.0) lib/bootsnap/load_path_cache/core_ext/kernel_require.rb:33:in 'Kernel#require'
zeitwerk (2.7.5) lib/zeitwerk/core_ext/kernel.rb:26:in 'Kernel#require'
/home/nathan/src/ruby/wrap-it-ruby/app/controllers/wrap_it_ruby/proxy_controller.rb:4:in '<module:WrapItRuby>'
/home/nathan/src/ruby/wrap-it-ruby/app/controllers/wrap_it_ruby/proxy_controller.rb:3:in '<main>'
/nix/store/lmwsrlh42jk9578yfhmw2kpvqvz2r5m6-ruby-3.4.8/lib/ruby/3.4.0/bundled_gems.rb:82:in 'Kernel.require'
/nix/store/lmwsrlh42jk9578yfhmw2kpvqvz2r5m6-ruby-3.4.8/lib/ruby/3.4.0/bundled_gems.rb:82:in 'block (2 levels) in Kernel#replace_require'
bootsnap (1.23.0) lib/bootsnap/load_path_cache/core_ext/kernel_require.rb:33:in 'Kernel#require'
zeitwerk (2.7.5) lib/zeitwerk/core_ext/kernel.rb:26:in 'Kernel#require'
activesupport (8.1.2) lib/active_support/inflector/methods.rb:290:in 'Module#const_get'
activesupport (8.1.2) lib/active_support/inflector/methods.rb:290:in 'ActiveSupport::Inflector#constantize'
activesupport (8.1.2) lib/active_support/core_ext/string/inflections.rb:74:in 'String#constantize'
actionpack (8.1.2) lib/action_dispatch/http/request.rb:98:in 'ActionDispatch::Request#controller_class_for'
actionpack (8.1.2) lib/action_dispatch/request/utils.rb:108:in 'ActionDispatch::Request::Utils::CustomParamEncoder.action_encoding_template'
actionpack (8.1.2) lib/action_dispatch/request/utils.rb:102:in 'ActionDispatch::Request::Utils::CustomParamEncoder.encode'
actionpack (8.1.2) lib/action_dispatch/request/utils.rb:47:in 'ActionDispatch::Request::Utils.set_binary_encoding'
actionpack (8.1.2) lib/action_dispatch/http/parameters.rb:70:in 'ActionDispatch::Http::Parameters#path_parameters='
actionpack (8.1.2) lib/action_dispatch/journey/router.rb:32:in 'block in ActionDispatch::Journey::Router#serve'
actionpack (8.1.2) lib/action_dispatch/journey/router.rb:86:in 'block in ActionDispatch::Journey::Router#recognize'
actionpack (8.1.2) lib/action_dispatch/journey/router.rb:66:in 'Array#each'
actionpack (8.1.2) lib/action_dispatch/journey/router.rb:66:in 'ActionDispatch::Journey::Router#recognize'
actionpack (8.1.2) lib/action_dispatch/journey/router.rb:31:in 'ActionDispatch::Journey::Router#serve'
actionpack (8.1.2) lib/action_dispatch/routing/route_set.rb:906:in 'ActionDispatch::Routing::RouteSet#call'
railties (8.1.2) lib/rails/engine/lazy_route_set.rb:60:in 'Rails::Engine::LazyRouteSet#call'
railties (8.1.2) lib/rails/engine.rb:534:in 'Rails::Engine#call'
railties (8.1.2) lib/rails/railtie.rb:225:in 'Kernel#public_send'
railties (8.1.2) lib/rails/railtie.rb:225:in 'Rails::Railtie.method_missing'
actionpack (8.1.2) lib/action_dispatch/routing/mapper.rb:33:in 'block in <class:Constraints>'
actionpack (8.1.2) lib/action_dispatch/routing/mapper.rb:62:in 'ActionDispatch::Routing::Mapper::Constraints#serve'
actionpack (8.1.2) lib/action_dispatch/journey/router.rb:35:in 'block in ActionDispatch::Journey::Router#serve'
actionpack (8.1.2) lib/action_dispatch/journey/router.rb:92:in 'block in ActionDispatch::Journey::Router#recognize'
actionpack (8.1.2) lib/action_dispatch/journey/router.rb:66:in 'Array#each'
actionpack (8.1.2) lib/action_dispatch/journey/router.rb:66:in 'ActionDispatch::Journey::Router#recognize'
actionpack (8.1.2) lib/action_dispatch/journey/router.rb:31:in 'ActionDispatch::Journey::Router#serve'
actionpack (8.1.2) lib/action_dispatch/routing/route_set.rb:906:in 'ActionDispatch::Routing::RouteSet#call'
railties (8.1.2) lib/rails/engine/lazy_route_set.rb:60:in 'Rails::Engine::LazyRouteSet#call'
rack (3.2.5) lib/rack/tempfile_reaper.rb:20:in 'Rack::TempfileReaper#call'
rack (3.2.5) lib/rack/etag.rb:29:in 'Rack::ETag#call'
rack (3.2.5) lib/rack/conditional_get.rb:31:in 'Rack::ConditionalGet#call'
rack (3.2.5) lib/rack/head.rb:15:in 'Rack::Head#call'
actionpack (8.1.2) lib/action_dispatch/http/content_security_policy.rb:38:in 'ActionDispatch::ContentSecurityPolicy::Middleware#call'
rack-session (2.1.1) lib/rack/session/abstract/id.rb:274:in 'Rack::Session::Abstract::Persisted#context'
rack-session (2.1.1) lib/rack/session/abstract/id.rb:268:in 'Rack::Session::Abstract::Persisted#call'
actionpack (8.1.2) lib/action_dispatch/middleware/cookies.rb:708:in 'ActionDispatch::Cookies#call'
actionpack (8.1.2) lib/action_dispatch/middleware/callbacks.rb:31:in 'block in ActionDispatch::Callbacks#call'
activesupport (8.1.2) lib/active_support/callbacks.rb:101:in 'ActiveSupport::Callbacks#run_callbacks'
actionpack (8.1.2) lib/action_dispatch/middleware/callbacks.rb:30:in 'ActionDispatch::Callbacks#call'
actionpack (8.1.2) lib/action_dispatch/middleware/executor.rb:20:in 'ActionDispatch::Executor#call'
actionpack (8.1.2) lib/action_dispatch/middleware/actionable_exceptions.rb:18:in 'ActionDispatch::ActionableExceptions#call'
actionpack (8.1.2) lib/action_dispatch/middleware/debug_exceptions.rb:31:in 'ActionDispatch::DebugExceptions#call'
actionpack (8.1.2) lib/action_dispatch/middleware/show_exceptions.rb:32:in 'ActionDispatch::ShowExceptions#call'
railties (8.1.2) lib/rails/rack/logger.rb:41:in 'Rails::Rack::Logger#call_app'
railties (8.1.2) lib/rails/rack/logger.rb:29:in 'Rails::Rack::Logger#call'
actionpack (8.1.2) lib/action_dispatch/middleware/remote_ip.rb:98:in 'ActionDispatch::RemoteIp#call'
actionpack (8.1.2) lib/action_dispatch/middleware/request_id.rb:34:in 'ActionDispatch::RequestId#call'
rack (3.2.5) lib/rack/method_override.rb:28:in 'Rack::MethodOverride#call'
rack (3.2.5) lib/rack/runtime.rb:24:in 'Rack::Runtime#call'
activesupport (8.1.2) lib/active_support/cache/strategy/local_cache_middleware.rb:30:in 'ActiveSupport::Cache::Strategy::LocalCache::Middleware#call'
actionpack (8.1.2) lib/action_dispatch/middleware/server_timing.rb:61:in 'block in ActionDispatch::ServerTiming#call'
actionpack (8.1.2) lib/action_dispatch/middleware/server_timing.rb:26:in 'ActionDispatch::ServerTiming::Subscriber#collect_events'
actionpack (8.1.2) lib/action_dispatch/middleware/server_timing.rb:60:in 'ActionDispatch::ServerTiming#call'
actionpack (8.1.2) lib/action_dispatch/middleware/executor.rb:20:in 'ActionDispatch::Executor#call'
propshaft (1.3.1) lib/propshaft/server.rb:37:in 'Propshaft::Server#call'
actionpack (8.1.2) lib/action_dispatch/middleware/static.rb:27:in 'ActionDispatch::Static#call'
/home/nathan/src/ruby/wrap-it-ruby/lib/wrap_it_ruby/middleware/proxy_middleware.rb:46:in 'block in WrapItRuby::Middleware::ProxyMiddleware#call'
<internal:kernel>:126:in 'Kernel#then'
/home/nathan/src/ruby/wrap-it-ruby/lib/wrap_it_ruby/middleware/proxy_middleware.rb:35:in 'WrapItRuby::Middleware::ProxyMiddleware#call'
/home/nathan/src/ruby/wrap-it-ruby/lib/wrap_it_ruby/middleware/script_injection_middleware.rb:42:in 'WrapItRuby::Middleware::ScriptInjectionMiddleware#call'
/home/nathan/src/ruby/wrap-it-ruby/lib/wrap_it_ruby/middleware/root_relative_proxy_middleware.rb:40:in 'WrapItRuby::Middleware::RootRelativeProxyMiddleware#call'
rack (3.2.5) lib/rack/sendfile.rb:131:in 'Rack::Sendfile#call'
actionpack (8.1.2) lib/action_dispatch/middleware/host_authorization.rb:143:in 'ActionDispatch::HostAuthorization#call'
railties (8.1.2) lib/rails/engine.rb:534:in 'Rails::Engine#call'
puma (7.2.0) lib/puma/configuration.rb:296:in 'Puma::Configuration::ConfigMiddleware#call'
puma (7.2.0) lib/puma/request.rb:103:in 'block in Puma::Request#handle_request'
puma (7.2.0) lib/puma/thread_pool.rb:355:in 'Puma::ThreadPool#with_force_shutdown'
puma (7.2.0) lib/puma/request.rb:102:in 'Puma::Request#handle_request'
puma (7.2.0) lib/puma/server.rb:503:in 'Puma::Server#process_client'
puma (7.2.0) lib/puma/server.rb:262:in 'block in Puma::Server#run'
puma (7.2.0) lib/puma/thread_pool.rb:182:in 'block in Puma::ThreadPool#spawn_thread'
Started GET "/example" for ::1 at 2026-03-20 06:55:42 +0000
  
NameError (uninitialized constant WrapItRuby::Menu):
  
/home/nathan/src/ruby/wrap-it-ruby/app/controllers/wrap_it_ruby/application_controller.rb:5:in '<class:ApplicationController>'
/home/nathan/src/ruby/wrap-it-ruby/app/controllers/wrap_it_ruby/application_controller.rb:4:in '<module:WrapItRuby>'
/home/nathan/src/ruby/wrap-it-ruby/app/controllers/wrap_it_ruby/application_controller.rb:3:in '<main>'
/nix/store/lmwsrlh42jk9578yfhmw2kpvqvz2r5m6-ruby-3.4.8/lib/ruby/3.4.0/bundled_gems.rb:82:in 'Kernel.require'
/nix/store/lmwsrlh42jk9578yfhmw2kpvqvz2r5m6-ruby-3.4.8/lib/ruby/3.4.0/bundled_gems.rb:82:in 'block (2 levels) in Kernel#replace_require'
bootsnap (1.23.0) lib/bootsnap/load_path_cache/core_ext/kernel_require.rb:33:in 'Kernel#require'
zeitwerk (2.7.5) lib/zeitwerk/core_ext/kernel.rb:26:in 'Kernel#require'
/home/nathan/src/ruby/wrap-it-ruby/app/controllers/wrap_it_ruby/proxy_controller.rb:4:in '<module:WrapItRuby>'
/home/nathan/src/ruby/wrap-it-ruby/app/controllers/wrap_it_ruby/proxy_controller.rb:3:in '<main>'
/nix/store/lmwsrlh42jk9578yfhmw2kpvqvz2r5m6-ruby-3.4.8/lib/ruby/3.4.0/bundled_gems.rb:82:in 'Kernel.require'
/nix/store/lmwsrlh42jk9578yfhmw2kpvqvz2r5m6-ruby-3.4.8/lib/ruby/3.4.0/bundled_gems.rb:82:in 'block (2 levels) in Kernel#replace_require'
bootsnap (1.23.0) lib/bootsnap/load_path_cache/core_ext/kernel_require.rb:33:in 'Kernel#require'
zeitwerk (2.7.5) lib/zeitwerk/core_ext/kernel.rb:26:in 'Kernel#require'
activesupport (8.1.2) lib/active_support/inflector/methods.rb:290:in 'Module#const_get'
activesupport (8.1.2) lib/active_support/inflector/methods.rb:290:in 'ActiveSupport::Inflector#constantize'
activesupport (8.1.2) lib/active_support/core_ext/string/inflections.rb:74:in 'String#constantize'
actionpack (8.1.2) lib/action_dispatch/http/request.rb:98:in 'ActionDispatch::Request#controller_class_for'
actionpack (8.1.2) lib/action_dispatch/request/utils.rb:108:in 'ActionDispatch::Request::Utils::CustomParamEncoder.action_encoding_template'
actionpack (8.1.2) lib/action_dispatch/request/utils.rb:102:in 'ActionDispatch::Request::Utils::CustomParamEncoder.encode'
actionpack (8.1.2) lib/action_dispatch/request/utils.rb:47:in 'ActionDispatch::Request::Utils.set_binary_encoding'
actionpack (8.1.2) lib/action_dispatch/http/parameters.rb:70:in 'ActionDispatch::Http::Parameters#path_parameters='
actionpack (8.1.2) lib/action_dispatch/journey/router.rb:32:in 'block in ActionDispatch::Journey::Router#serve'
actionpack (8.1.2) lib/action_dispatch/journey/router.rb:86:in 'block in ActionDispatch::Journey::Router#recognize'
actionpack (8.1.2) lib/action_dispatch/journey/router.rb:66:in 'Array#each'
actionpack (8.1.2) lib/action_dispatch/journey/router.rb:66:in 'ActionDispatch::Journey::Router#recognize'
actionpack (8.1.2) lib/action_dispatch/journey/router.rb:31:in 'ActionDispatch::Journey::Router#serve'
actionpack (8.1.2) lib/action_dispatch/routing/route_set.rb:906:in 'ActionDispatch::Routing::RouteSet#call'
railties (8.1.2) lib/rails/engine/lazy_route_set.rb:60:in 'Rails::Engine::LazyRouteSet#call'
railties (8.1.2) lib/rails/engine.rb:534:in 'Rails::Engine#call'
railties (8.1.2) lib/rails/railtie.rb:225:in 'Kernel#public_send'
railties (8.1.2) lib/rails/railtie.rb:225:in 'Rails::Railtie.method_missing'
actionpack (8.1.2) lib/action_dispatch/routing/mapper.rb:33:in 'block in <class:Constraints>'
actionpack (8.1.2) lib/action_dispatch/routing/mapper.rb:62:in 'ActionDispatch::Routing::Mapper::Constraints#serve'
actionpack (8.1.2) lib/action_dispatch/journey/router.rb:35:in 'block in ActionDispatch::Journey::Router#serve'
actionpack (8.1.2) lib/action_dispatch/journey/router.rb:92:in 'block in ActionDispatch::Journey::Router#recognize'
actionpack (8.1.2) lib/action_dispatch/journey/router.rb:66:in 'Array#each'
actionpack (8.1.2) lib/action_dispatch/journey/router.rb:66:in 'ActionDispatch::Journey::Router#recognize'
actionpack (8.1.2) lib/action_dispatch/journey/router.rb:31:in 'ActionDispatch::Journey::Router#serve'
actionpack (8.1.2) lib/action_dispatch/routing/route_set.rb:906:in 'ActionDispatch::Routing::RouteSet#call'
railties (8.1.2) lib/rails/engine/lazy_route_set.rb:60:in 'Rails::Engine::LazyRouteSet#call'
rack (3.2.5) lib/rack/tempfile_reaper.rb:20:in 'Rack::TempfileReaper#call'
rack (3.2.5) lib/rack/etag.rb:29:in 'Rack::ETag#call'
rack (3.2.5) lib/rack/conditional_get.rb:31:in 'Rack::ConditionalGet#call'
rack (3.2.5) lib/rack/head.rb:15:in 'Rack::Head#call'
actionpack (8.1.2) lib/action_dispatch/http/content_security_policy.rb:38:in 'ActionDispatch::ContentSecurityPolicy::Middleware#call'
rack-session (2.1.1) lib/rack/session/abstract/id.rb:274:in 'Rack::Session::Abstract::Persisted#context'
rack-session (2.1.1) lib/rack/session/abstract/id.rb:268:in 'Rack::Session::Abstract::Persisted#call'
actionpack (8.1.2) lib/action_dispatch/middleware/cookies.rb:708:in 'ActionDispatch::Cookies#call'
actionpack (8.1.2) lib/action_dispatch/middleware/callbacks.rb:31:in 'block in ActionDispatch::Callbacks#call'
activesupport (8.1.2) lib/active_support/callbacks.rb:101:in 'ActiveSupport::Callbacks#run_callbacks'
actionpack (8.1.2) lib/action_dispatch/middleware/callbacks.rb:30:in 'ActionDispatch::Callbacks#call'
actionpack (8.1.2) lib/action_dispatch/middleware/executor.rb:20:in 'ActionDispatch::Executor#call'
actionpack (8.1.2) lib/action_dispatch/middleware/actionable_exceptions.rb:18:in 'ActionDispatch::ActionableExceptions#call'
actionpack (8.1.2) lib/action_dispatch/middleware/debug_exceptions.rb:31:in 'ActionDispatch::DebugExceptions#call'
actionpack (8.1.2) lib/action_dispatch/middleware/show_exceptions.rb:32:in 'ActionDispatch::ShowExceptions#call'
railties (8.1.2) lib/rails/rack/logger.rb:41:in 'Rails::Rack::Logger#call_app'
railties (8.1.2) lib/rails/rack/logger.rb:29:in 'Rails::Rack::Logger#call'
actionpack (8.1.2) lib/action_dispatch/middleware/remote_ip.rb:98:in 'ActionDispatch::RemoteIp#call'
actionpack (8.1.2) lib/action_dispatch/middleware/request_id.rb:34:in 'ActionDispatch::RequestId#call'
rack (3.2.5) lib/rack/method_override.rb:28:in 'Rack::MethodOverride#call'
rack (3.2.5) lib/rack/runtime.rb:24:in 'Rack::Runtime#call'
activesupport (8.1.2) lib/active_support/cache/strategy/local_cache_middleware.rb:30:in 'ActiveSupport::Cache::Strategy::LocalCache::Middleware#call'
actionpack (8.1.2) lib/action_dispatch/middleware/server_timing.rb:61:in 'block in ActionDispatch::ServerTiming#call'
actionpack (8.1.2) lib/action_dispatch/middleware/server_timing.rb:26:in 'ActionDispatch::ServerTiming::Subscriber#collect_events'
actionpack (8.1.2) lib/action_dispatch/middleware/server_timing.rb:60:in 'ActionDispatch::ServerTiming#call'
actionpack (8.1.2) lib/action_dispatch/middleware/executor.rb:20:in 'ActionDispatch::Executor#call'
propshaft (1.3.1) lib/propshaft/server.rb:37:in 'Propshaft::Server#call'
actionpack (8.1.2) lib/action_dispatch/middleware/static.rb:27:in 'ActionDispatch::Static#call'
/home/nathan/src/ruby/wrap-it-ruby/lib/wrap_it_ruby/middleware/proxy_middleware.rb:46:in 'block in WrapItRuby::Middleware::ProxyMiddleware#call'
<internal:kernel>:126:in 'Kernel#then'
/home/nathan/src/ruby/wrap-it-ruby/lib/wrap_it_ruby/middleware/proxy_middleware.rb:35:in 'WrapItRuby::Middleware::ProxyMiddleware#call'
/home/nathan/src/ruby/wrap-it-ruby/lib/wrap_it_ruby/middleware/script_injection_middleware.rb:42:in 'WrapItRuby::Middleware::ScriptInjectionMiddleware#call'
/home/nathan/src/ruby/wrap-it-ruby/lib/wrap_it_ruby/middleware/root_relative_proxy_middleware.rb:40:in 'WrapItRuby::Middleware::RootRelativeProxyMiddleware#call'
rack (3.2.5) lib/rack/sendfile.rb:131:in 'Rack::Sendfile#call'
actionpack (8.1.2) lib/action_dispatch/middleware/host_authorization.rb:143:in 'ActionDispatch::HostAuthorization#call'
railties (8.1.2) lib/rails/engine.rb:534:in 'Rails::Engine#call'
puma (7.2.0) lib/puma/configuration.rb:296:in 'Puma::Configuration::ConfigMiddleware#call'
puma (7.2.0) lib/puma/request.rb:103:in 'block in Puma::Request#handle_request'
puma (7.2.0) lib/puma/thread_pool.rb:355:in 'Puma::ThreadPool#with_force_shutdown'
puma (7.2.0) lib/puma/request.rb:102:in 'Puma::Request#handle_request'
puma (7.2.0) lib/puma/server.rb:503:in 'Puma::Server#process_client'
puma (7.2.0) lib/puma/server.rb:262:in 'block in Puma::Server#run'
puma (7.2.0) lib/puma/thread_pool.rb:182:in 'block in Puma::ThreadPool#spawn_thread'
Started GET "/favicon.ico" for ::1 at 2026-03-20 06:55:42 +0000
  
NameError (uninitialized constant WrapItRuby::Menu):
  
/home/nathan/src/ruby/wrap-it-ruby/app/controllers/wrap_it_ruby/application_controller.rb:5:in '<class:ApplicationController>'
/home/nathan/src/ruby/wrap-it-ruby/app/controllers/wrap_it_ruby/application_controller.rb:4:in '<module:WrapItRuby>'
/home/nathan/src/ruby/wrap-it-ruby/app/controllers/wrap_it_ruby/application_controller.rb:3:in '<main>'
/nix/store/lmwsrlh42jk9578yfhmw2kpvqvz2r5m6-ruby-3.4.8/lib/ruby/3.4.0/bundled_gems.rb:82:in 'Kernel.require'
/nix/store/lmwsrlh42jk9578yfhmw2kpvqvz2r5m6-ruby-3.4.8/lib/ruby/3.4.0/bundled_gems.rb:82:in 'block (2 levels) in Kernel#replace_require'
bootsnap (1.23.0) lib/bootsnap/load_path_cache/core_ext/kernel_require.rb:33:in 'Kernel#require'
zeitwerk (2.7.5) lib/zeitwerk/core_ext/kernel.rb:26:in 'Kernel#require'
/home/nathan/src/ruby/wrap-it-ruby/app/controllers/wrap_it_ruby/proxy_controller.rb:4:in '<module:WrapItRuby>'
/home/nathan/src/ruby/wrap-it-ruby/app/controllers/wrap_it_ruby/proxy_controller.rb:3:in '<main>'
/nix/store/lmwsrlh42jk9578yfhmw2kpvqvz2r5m6-ruby-3.4.8/lib/ruby/3.4.0/bundled_gems.rb:82:in 'Kernel.require'
/nix/store/lmwsrlh42jk9578yfhmw2kpvqvz2r5m6-ruby-3.4.8/lib/ruby/3.4.0/bundled_gems.rb:82:in 'block (2 levels) in Kernel#replace_require'
bootsnap (1.23.0) lib/bootsnap/load_path_cache/core_ext/kernel_require.rb:33:in 'Kernel#require'
zeitwerk (2.7.5) lib/zeitwerk/core_ext/kernel.rb:26:in 'Kernel#require'
activesupport (8.1.2) lib/active_support/inflector/methods.rb:290:in 'Module#const_get'
activesupport (8.1.2) lib/active_support/inflector/methods.rb:290:in 'ActiveSupport::Inflector#constantize'
activesupport (8.1.2) lib/active_support/core_ext/string/inflections.rb:74:in 'String#constantize'
actionpack (8.1.2) lib/action_dispatch/http/request.rb:98:in 'ActionDispatch::Request#controller_class_for'
actionpack (8.1.2) lib/action_dispatch/request/utils.rb:108:in 'ActionDispatch::Request::Utils::CustomParamEncoder.action_encoding_template'
actionpack (8.1.2) lib/action_dispatch/request/utils.rb:102:in 'ActionDispatch::Request::Utils::CustomParamEncoder.encode'
actionpack (8.1.2) lib/action_dispatch/request/utils.rb:47:in 'ActionDispatch::Request::Utils.set_binary_encoding'
actionpack (8.1.2) lib/action_dispatch/http/parameters.rb:70:in 'ActionDispatch::Http::Parameters#path_parameters='
actionpack (8.1.2) lib/action_dispatch/journey/router.rb:32:in 'block in ActionDispatch::Journey::Router#serve'
actionpack (8.1.2) lib/action_dispatch/journey/router.rb:86:in 'block in ActionDispatch::Journey::Router#recognize'
actionpack (8.1.2) lib/action_dispatch/journey/router.rb:66:in 'Array#each'
actionpack (8.1.2) lib/action_dispatch/journey/router.rb:66:in 'ActionDispatch::Journey::Router#recognize'
actionpack (8.1.2) lib/action_dispatch/journey/router.rb:31:in 'ActionDispatch::Journey::Router#serve'
actionpack (8.1.2) lib/action_dispatch/routing/route_set.rb:906:in 'ActionDispatch::Routing::RouteSet#call'
railties (8.1.2) lib/rails/engine/lazy_route_set.rb:60:in 'Rails::Engine::LazyRouteSet#call'
railties (8.1.2) lib/rails/engine.rb:534:in 'Rails::Engine#call'
railties (8.1.2) lib/rails/railtie.rb:225:in 'Kernel#public_send'
railties (8.1.2) lib/rails/railtie.rb:225:in 'Rails::Railtie.method_missing'
actionpack (8.1.2) lib/action_dispatch/routing/mapper.rb:33:in 'block in <class:Constraints>'
actionpack (8.1.2) lib/action_dispatch/routing/mapper.rb:62:in 'ActionDispatch::Routing::Mapper::Constraints#serve'
actionpack (8.1.2) lib/action_dispatch/journey/router.rb:35:in 'block in ActionDispatch::Journey::Router#serve'
actionpack (8.1.2) lib/action_dispatch/journey/router.rb:92:in 'block in ActionDispatch::Journey::Router#recognize'
actionpack (8.1.2) lib/action_dispatch/journey/router.rb:66:in 'Array#each'
actionpack (8.1.2) lib/action_dispatch/journey/router.rb:66:in 'ActionDispatch::Journey::Router#recognize'
actionpack (8.1.2) lib/action_dispatch/journey/router.rb:31:in 'ActionDispatch::Journey::Router#serve'
actionpack (8.1.2) lib/action_dispatch/routing/route_set.rb:906:in 'ActionDispatch::Routing::RouteSet#call'
railties (8.1.2) lib/rails/engine/lazy_route_set.rb:60:in 'Rails::Engine::LazyRouteSet#call'
rack (3.2.5) lib/rack/tempfile_reaper.rb:20:in 'Rack::TempfileReaper#call'
rack (3.2.5) lib/rack/etag.rb:29:in 'Rack::ETag#call'
rack (3.2.5) lib/rack/conditional_get.rb:31:in 'Rack::ConditionalGet#call'
rack (3.2.5) lib/rack/head.rb:15:in 'Rack::Head#call'
actionpack (8.1.2) lib/action_dispatch/http/content_security_policy.rb:38:in 'ActionDispatch::ContentSecurityPolicy::Middleware#call'
rack-session (2.1.1) lib/rack/session/abstract/id.rb:274:in 'Rack::Session::Abstract::Persisted#context'
rack-session (2.1.1) lib/rack/session/abstract/id.rb:268:in 'Rack::Session::Abstract::Persisted#call'
actionpack (8.1.2) lib/action_dispatch/middleware/cookies.rb:708:in 'ActionDispatch::Cookies#call'
actionpack (8.1.2) lib/action_dispatch/middleware/callbacks.rb:31:in 'block in ActionDispatch::Callbacks#call'
activesupport (8.1.2) lib/active_support/callbacks.rb:101:in 'ActiveSupport::Callbacks#run_callbacks'
actionpack (8.1.2) lib/action_dispatch/middleware/callbacks.rb:30:in 'ActionDispatch::Callbacks#call'
actionpack (8.1.2) lib/action_dispatch/middleware/executor.rb:20:in 'ActionDispatch::Executor#call'
actionpack (8.1.2) lib/action_dispatch/middleware/actionable_exceptions.rb:18:in 'ActionDispatch::ActionableExceptions#call'
actionpack (8.1.2) lib/action_dispatch/middleware/debug_exceptions.rb:31:in 'ActionDispatch::DebugExceptions#call'
actionpack (8.1.2) lib/action_dispatch/middleware/show_exceptions.rb:32:in 'ActionDispatch::ShowExceptions#call'
railties (8.1.2) lib/rails/rack/logger.rb:41:in 'Rails::Rack::Logger#call_app'
railties (8.1.2) lib/rails/rack/logger.rb:29:in 'Rails::Rack::Logger#call'
actionpack (8.1.2) lib/action_dispatch/middleware/remote_ip.rb:98:in 'ActionDispatch::RemoteIp#call'
actionpack (8.1.2) lib/action_dispatch/middleware/request_id.rb:34:in 'ActionDispatch::RequestId#call'
rack (3.2.5) lib/rack/method_override.rb:28:in 'Rack::MethodOverride#call'
rack (3.2.5) lib/rack/runtime.rb:24:in 'Rack::Runtime#call'
activesupport (8.1.2) lib/active_support/cache/strategy/local_cache_middleware.rb:30:in 'ActiveSupport::Cache::Strategy::LocalCache::Middleware#call'
actionpack (8.1.2) lib/action_dispatch/middleware/server_timing.rb:61:in 'block in ActionDispatch::ServerTiming#call'
actionpack (8.1.2) lib/action_dispatch/middleware/server_timing.rb:26:in 'ActionDispatch::ServerTiming::Subscriber#collect_events'
actionpack (8.1.2) lib/action_dispatch/middleware/server_timing.rb:60:in 'ActionDispatch::ServerTiming#call'
actionpack (8.1.2) lib/action_dispatch/middleware/executor.rb:20:in 'ActionDispatch::Executor#call'
propshaft (1.3.1) lib/propshaft/server.rb:37:in 'Propshaft::Server#call'
actionpack (8.1.2) lib/action_dispatch/middleware/static.rb:27:in 'ActionDispatch::Static#call'
/home/nathan/src/ruby/wrap-it-ruby/lib/wrap_it_ruby/middleware/proxy_middleware.rb:46:in 'block in WrapItRuby::Middleware::ProxyMiddleware#call'
<internal:kernel>:126:in 'Kernel#then'
/home/nathan/src/ruby/wrap-it-ruby/lib/wrap_it_ruby/middleware/proxy_middleware.rb:35:in 'WrapItRuby::Middleware::ProxyMiddleware#call'
/home/nathan/src/ruby/wrap-it-ruby/lib/wrap_it_ruby/middleware/script_injection_middleware.rb:42:in 'WrapItRuby::Middleware::ScriptInjectionMiddleware#call'
/home/nathan/src/ruby/wrap-it-ruby/lib/wrap_it_ruby/middleware/root_relative_proxy_middleware.rb:40:in 'WrapItRuby::Middleware::RootRelativeProxyMiddleware#call'
rack (3.2.5) lib/rack/sendfile.rb:131:in 'Rack::Sendfile#call'
actionpack (8.1.2) lib/action_dispatch/middleware/host_authorization.rb:143:in 'ActionDispatch::HostAuthorization#call'
railties (8.1.2) lib/rails/engine.rb:534:in 'Rails::Engine#call'
puma (7.2.0) lib/puma/configuration.rb:296:in 'Puma::Configuration::ConfigMiddleware#call'
puma (7.2.0) lib/puma/request.rb:103:in 'block in Puma::Request#handle_request'
puma (7.2.0) lib/puma/thread_pool.rb:355:in 'Puma::ThreadPool#with_force_shutdown'
puma (7.2.0) lib/puma/request.rb:102:in 'Puma::Request#handle_request'
puma (7.2.0) lib/puma/server.rb:503:in 'Puma::Server#process_client'
puma (7.2.0) lib/puma/server.rb:262:in 'block in Puma::Server#run'
puma (7.2.0) lib/puma/thread_pool.rb:182:in 'block in Puma::ThreadPool#spawn_thread'
